18:56:14.133 [main] INFO  keywords.CommonActionKeywords - *******************************************************************************************************
18:56:14.144 [main] INFO  keywords.CommonActionKeywords - *********************** ***TEST RUN*** Execution Started **********************
18:56:14.157 [main] INFO  keywords.CommonActionKeywords - Thu Nov 18 18:56:13 IST 2021
18:56:14.157 [main] INFO  keywords.CommonActionKeywords - *******************************************************************************************************
18:56:14.159 [main] INFO  demoWebShop.Base - getTestDataProperties-->Loading property: USER_EMAIL from testdata.properties
18:56:14.159 [main] INFO  demoWebShop.Base - getTestDataProperties-->Loading property: USER_PASSWORD from testdata.properties
18:56:14.160 [main] INFO  demoWebShop.Base - getEnvProperties-->loading property: Browser from environment.properties
18:56:14.161 [main] INFO  demoWebShop.Base - getEnvProperties-->loading property: URL_IN_USE from environment.properties
18:56:14.161 [main] INFO  demoWebShop.Base - getEnvProperties-->loading property: Implicit_Wait_Time from environment.properties
18:56:14.162 [main] INFO  demoWebShop.Base - getEnvProperties-->loading property: Explicit_Wait_Time from environment.properties
18:56:14.163 [main] INFO  demoWebShop.Base - getEnvProperties-->loading property: userName from environment.properties
18:56:14.164 [main] INFO  demoWebShop.Base - getEnvProperties-->loading property: passWord from environment.properties
18:56:14.164 [main] INFO  demoWebShop.Base - getEnvProperties-->loading property: emailId from environment.properties
18:56:14.165 [main] INFO  demoWebShop.Base - getEnvProperties-->loading property: URL_IN_USE from environment.properties
18:56:14.166 [main] INFO  demoWebShop.Base - getEnvProperties-->loading property: App_Direct_URL from environment.properties
18:56:14.167 [main] INFO  demoWebShop.Base - getProperties-->loading property: Screenshot_Archive_Days from environment.properties
18:56:14.168 [main] INFO  demoWebShop.Base - getProperties-->loading property: Screenshot_Location from environment.properties
18:56:14.172 [main] INFO  utilities.ExecutionResult - *******************************************************************************************************
18:56:14.174 [main] INFO  utilities.ExecutionResult - ************************Test Module: registerUser Execution Started************************
18:56:14.175 [main] INFO  utilities.ExecutionResult - Thu Nov 18 18:56:14 IST 2021
18:56:14.175 [main] INFO  utilities.ExecutionResult - *******************************************************************************************************
18:56:14.212 [main] INFO  demoWebShop.Base - getProperties-->loading property: TestData_Folder from environment.properties
18:56:25.613 [main] ERROR utilities.Log - Unable to initialize the driverorg.openqa.selenium.SessionNotCreatedException: session not created: This version of ChromeDriver only supports Chrome version 93
Current browser version is 95.0.4638.69 with binary path C:\Program Files\Google\Chrome\Application\chrome.exe
Build info: version: '3.141.59', revision: 'e82be7d358', time: '2018-11-14T08:17:03'
System info: host: 'FSOCIETY', ip: '192.168.127.248', os.name: 'Windows 8.1', os.arch: 'amd64', os.version: '6.3', java.version: '16.0.1'
Driver info: driver.version: ChromeDriver
remote stacktrace: Backtrace:
	Ordinal0 [0x015DA2D3+2663123]
	Ordinal0 [0x0156A491+2204817]
	Ordinal0 [0x01452118+1057048]
	Ordinal0 [0x0147041A+1180698]
	Ordinal0 [0x0146C335+1164085]
	Ordinal0 [0x01469B7F+1153919]
	Ordinal0 [0x01499D8F+1351055]
	Ordinal0 [0x014999FA+1350138]
	Ordinal0 [0x0149589B+1333403]
	Ordinal0 [0x01471F74+1187700]
	Ordinal0 [0x01472DC9+1191369]
	GetHandleVerifier [0x017730D6+1610054]
	GetHandleVerifier [0x0181B53B+2299307]
	GetHandleVerifier [0x01668DA9+519705]
	GetHandleVerifier [0x01667759+513993]
	Ordinal0 [0x0157112D+2232621]
	Ordinal0 [0x015755F8+2250232]
	Ordinal0 [0x01575732+2250546]
	Ordinal0 [0x0157E591+2286993]
	BaseThreadInitThunk [0x75C46A14+36]
	RtlInitializeExceptionChain [0x7794A9EF+143]
	RtlInitializeExceptionChain [0x7794A9BA+90]

18:56:25.618 [main] INFO  demoWebShop.Base - getProperties-->loading property: TestReport_Folder from environment.properties
18:56:25.640 [main] INFO  utilities.ExecutionResult - *******************************************************************************************************
18:56:25.641 [main] INFO  utilities.ExecutionResult - **************************Starting Test Case:registerPageTest Execution*************************
18:56:25.641 [main] INFO  utilities.ExecutionResult - *******************************************************************************************************
18:56:25.646 [main] ERROR utilities.ExecutionResult - java.lang.NoClassDefFoundError: Could not initialize class utilities.ExtentTestManager
18:56:25.650 [main] INFO  keywords.CommonActionKeywords - Unable to take Sceenshot taken for failed Step
java.lang.NullPointerException: Cannot invoke "org.openqa.selenium.TakesScreenshot.getScreenshotAs(org.openqa.selenium.OutputType)" because "keywords.CommonActionKeywords.driver" is null
	at keywords.CommonActionKeywords.takeScreenshot(CommonActionKeywords.java:299) ~[classes/:?]
	at utilities.ExecutionResult.onTestFailure(ExecutionResult.java:64) ~[classes/:?]
	at org.testng.internal.TestListenerHelper.runTestListeners(TestListenerHelper.java:96) ~[org.testng_7.4.0.r202105021533.jar:7.4.0]
	at org.testng.internal.TestInvoker.runTestResultListener(TestInvoker.java:219) ~[org.testng_7.4.0.r202105021533.jar:7.4.0]
	at org.testng.internal.TestInvoker$MethodInvocationAgent.invoke(TestInvoker.java:834) ~[org.testng_7.4.0.r202105021533.jar:7.4.0]
	at org.testng.internal.TestInvoker.invokeTestMethods(TestInvoker.java:146) ~[org.testng_7.4.0.r202105021533.jar:7.4.0]
	at org.testng.internal.TestMethodWorker.invokeTestMethods(TestMethodWorker.java:146) ~[org.testng_7.4.0.r202105021533.jar:7.4.0]
	at org.testng.internal.TestMethodWorker.run(TestMethodWorker.java:128) ~[org.testng_7.4.0.r202105021533.jar:7.4.0]
	at java.util.ArrayList.forEach(ArrayList.java:1511) [?:?]
	at org.testng.TestRunner.privateRun(TestRunner.java:794) [org.testng_7.4.0.r202105021533.jar:7.4.0]
	at org.testng.TestRunner.run(TestRunner.java:596) [org.testng_7.4.0.r202105021533.jar:7.4.0]
	at org.testng.SuiteRunner.runTest(SuiteRunner.java:377) [org.testng_7.4.0.r202105021533.jar:7.4.0]
	at org.testng.SuiteRunner.runSequentially(SuiteRunner.java:371) [org.testng_7.4.0.r202105021533.jar:7.4.0]
	at org.testng.SuiteRunner.privateRun(SuiteRunner.java:332) [org.testng_7.4.0.r202105021533.jar:7.4.0]
	at org.testng.SuiteRunner.run(SuiteRunner.java:276) [org.testng_7.4.0.r202105021533.jar:7.4.0]
	at org.testng.SuiteRunnerWorker.runSuite(SuiteRunnerWorker.java:53) [org.testng_7.4.0.r202105021533.jar:7.4.0]
	at org.testng.SuiteRunnerWorker.run(SuiteRunnerWorker.java:96) [org.testng_7.4.0.r202105021533.jar:7.4.0]
	at org.testng.TestNG.runSuitesSequentially(TestNG.java:1212) [org.testng_7.4.0.r202105021533.jar:7.4.0]
	at org.testng.TestNG.runSuitesLocally(TestNG.java:1134) [org.testng_7.4.0.r202105021533.jar:7.4.0]
	at org.testng.TestNG.runSuites(TestNG.java:1063) [org.testng_7.4.0.r202105021533.jar:7.4.0]
	at org.testng.TestNG.run(TestNG.java:1031) [org.testng_7.4.0.r202105021533.jar:7.4.0]
	at org.testng.remote.AbstractRemoteTestNG.run(AbstractRemoteTestNG.java:115) [testng-remote.jar:?]
	at org.testng.remote.RemoteTestNG.initAndRun(RemoteTestNG.java:251) [testng-remote.jar:?]
	at org.testng.remote.RemoteTestNG.main(RemoteTestNG.java:77) [testng-remote.jar:?]
18:56:25.756 [main] INFO  utilities.ExecutionResult - *******************************************************************************************************
18:56:25.757 [main] INFO  utilities.ExecutionResult - ************************Test Module: registerUser Execution Completed************************
18:56:25.758 [main] INFO  utilities.ExecutionResult - Thu Nov 18 18:56:25 IST 2021
18:56:25.759 [main] INFO  utilities.ExecutionResult - *******************************************************************************************************
